2024/10/01 07:41:05 [notice] 1#1: using the "epoll" event method
2024/10/01 07:41:05 [notice] 1#1: nginx/1.27.1
2024/10/01 07:41:05 [notice] 1#1: built by gcc 12.2.0 (Debian 12.2.0-14) 
2024/10/01 07:41:05 [notice] 1#1: OS: Linux 5.15.0-67-generic
2024/10/01 07:41:05 [notice] 1#1: getrlimit(RLIMIT_NOFILE): 1048576:1048576
2024/10/01 07:41:05 [notice] 1#1: start worker processes
2024/10/01 07:41:05 [notice] 1#1: start worker process 29
2024/10/01 07:41:05 [notice] 1#1: start worker process 30
2024/10/01 07:41:05 [notice] 1#1: start worker process 31
2024/10/01 07:41:05 [notice] 1#1: start worker process 32
2024/10/01 07:41:29 [error] 29#29: *1 open() "/usr/share/nginx/html/favicon.ico" failed (2: No such file or directory), client: 172.19.0.1, server: localhost, request: "GET /favicon.ico HTTP/1.1", host: "localhost:8080", referrer: "http://localhost:8080/"
2024/10/01 07:49:51 [notice] 1#1: signal 3 (SIGQUIT) received, shutting down
2024/10/01 07:49:51 [notice] 32#32: gracefully shutting down
2024/10/01 07:49:51 [notice] 32#32: exiting
2024/10/01 07:49:51 [notice] 32#32: exit
2024/10/01 07:49:51 [notice] 29#29: gracefully shutting down
2024/10/01 07:49:51 [notice] 29#29: exiting
2024/10/01 07:49:51 [notice] 29#29: exit
2024/10/01 07:49:51 [notice] 30#30: gracefully shutting down
2024/10/01 07:49:51 [notice] 30#30: exiting
2024/10/01 07:49:51 [notice] 30#30: exit
2024/10/01 07:49:51 [notice] 31#31: gracefully shutting down
2024/10/01 07:49:51 [notice] 31#31: exiting
2024/10/01 07:49:51 [notice] 31#31: exit
2024/10/01 07:49:51 [notice] 1#1: signal 17 (SIGCHLD) received from 30
2024/10/01 07:49:51 [notice] 1#1: worker process 30 exited with code 0
2024/10/01 07:49:51 [notice] 1#1: signal 29 (SIGIO) received
2024/10/01 07:49:51 [notice] 1#1: signal 17 (SIGCHLD) received from 31
2024/10/01 07:49:51 [notice] 1#1: worker process 29 exited with code 0
2024/10/01 07:49:51 [notice] 1#1: worker process 31 exited with code 0
2024/10/01 07:49:51 [notice] 1#1: worker process 32 exited with code 0
2024/10/01 07:49:51 [notice] 1#1: exit
